^CChecking reminders (found 1)...
Email enviado para virm0805@gmail.com para lembrete 5
Finished.
Verificando 0 lembretes pendentes...
Processo finalizado.
Verificando 0 lembretes pendentes...
Processo finalizado.
Verificando 0 lembretes pendentes...
Processo finalizado.
Verificando 0 lembretes pendentes...
Processo finalizado.
Verificando 2 lembretes pendentes...
E-mail enviado para virm0805@gmail.com
E-mail enviado para virm0805@gmail.com
Processo finalizado.
Verificando 0 lembretes pendentes...
Processo finalizado.
Verificando 0 lembretes pendentes...
Processo finalizado.
Verificando 1 lembretes pendentes...
E-mail enviado para virm0805@gmail.com
Processo finalizado.
Verificando 0 lembretes pendentes...
Processo finalizado.
Verificando 0 lembretes pendentes...
Processo finalizado.
Verificando 0 lembretes pendentes...
Processo finalizado.
Verificando 7 lembretes pendentes...
E-mail enviado para virm0805@gmail.com
E-mail enviado para virm0805@gmail.com
E-mail enviado para virm0805@gmail.com
E-mail enviado para virm0805@gmail.com
E-mail enviado para virm0805@gmail.com
E-mail enviado para virm0805@gmail.com
E-mail enviado para virm0805@gmail.com
Processo finalizado.
Verificando 0 lembretes pendentes...
Processo finalizado.
Verificando 1 lembretes pendentes...
E-mail enviado para virm0805@gmail.com
Processo finalizado.
Verificando 0 lembretes pendentes...
Processo finalizado.
Verificando 0 lembretes pendentes...
Processo finalizado.
Verificando 0 lembretes pendentes...
Processo finalizado.
Verificando 0 lembretes pendentes...
Processo finalizado.
Verificando 0 lembretes pendentes...
Processo finalizado.
Verificando 0 lembretes pendentes...
Processo finalizado.
Verificando 0 lembretes pendentes...
Processo finalizado.
Verificando 0 lembretes pendentes...
Processo finalizado.
Verificando 0 lembretes pendentes...
Processo finalizado.
Verificando 0 lembretes pendentes...
Processo finalizado.
Verificando 0 lembretes pendentes...
Processo finalizado.
Verificando 0 lembretes pendentes...
Processo finalizado.
Verificando 0 lembretes pendentes...
Processo finalizado.
Verificando 0 lembretes pendentes...
Processo finalizado.
Verificando 0 lembretes pendentes...
Processo finalizado.
Verificando 0 lembretes pendentes...
Processo finalizado.
Verificando 0 lembretes pendentes...
Processo finalizado.
Verificando 0 lembretes pendentes...
Processo finalizado.
Verificando 0 lembretes pendentes...
Processo finalizado.
Verificando 0 lembretes pendentes...
Processo finalizado.
Verificando 0 lembretes pendentes...
Processo finalizado.
Verificando 0 lembretes pendentes...
Processo finalizado.
Verificando 0 lembretes pendentes...
Processo finalizado.
Verificando 0 lembretes pendentes...
Processo finalizado.
Verificando 0 lembretes pendentes...
Processo finalizado.
Verificando 0 lembretes pendentes...
Processo finalizado.
